2022-10-23 22:57:47,421 :INFO : test_e2e :getting all the card titles
2022-10-23 22:57:47,468 :INFO : test_e2e :iphone X
2022-10-23 22:57:47,492 :INFO : test_e2e :Samsung Note 8
2022-10-23 22:57:47,520 :INFO : test_e2e :Nokia Edge
2022-10-23 22:57:47,588 :INFO : test_e2e :Blackberry
2022-10-23 22:59:44,317 :INFO : test_e2e :getting all the card titles
2022-10-23 22:59:44,451 :INFO : test_e2e :iphone X
2022-10-23 22:59:44,551 :INFO : test_e2e :Samsung Note 8
2022-10-23 22:59:44,674 :INFO : test_e2e :Nokia Edge
2022-10-23 22:59:44,719 :INFO : test_e2e :Blackberry
2022-10-23 23:06:12,985 :INFO : test_e2e :getting all the card titles
2022-10-23 23:06:13,074 :INFO : test_e2e :iphone X
2022-10-23 23:06:13,184 :INFO : test_e2e :Samsung Note 8
2022-10-23 23:06:13,275 :INFO : test_e2e :Nokia Edge
2022-10-23 23:06:13,313 :INFO : test_e2e :Blackberry
2022-10-23 23:10:08,019 :INFO : test_e2e :getting all the card titles
2022-10-23 23:10:08,316 :INFO : test_e2e :iphone X
2022-10-23 23:10:08,389 :INFO : test_e2e :Samsung Note 8
2022-10-23 23:10:08,425 :INFO : test_e2e :Nokia Edge
2022-10-23 23:10:08,467 :INFO : test_e2e :Blackberry
2022-10-23 23:16:29,224 :INFO : test_e2e :getting all the card titles
2022-10-23 23:16:29,338 :INFO : test_e2e :iphone X
2022-10-23 23:16:29,424 :INFO : test_e2e :Samsung Note 8
2022-10-23 23:16:29,494 :INFO : test_e2e :Nokia Edge
2022-10-23 23:16:29,582 :INFO : test_e2e :Blackberry
2022-10-23 23:16:30,510 :INFO : test_e2e :Entering country name as ind
2022-10-23 23:18:21,069 :INFO : test_e2e :getting all the card titles
2022-10-23 23:18:21,164 :INFO : test_e2e :iphone X
2022-10-23 23:18:21,207 :INFO : test_e2e :Samsung Note 8
2022-10-23 23:18:21,366 :INFO : test_e2e :Nokia Edge
2022-10-23 23:18:21,417 :INFO : test_e2e :Blackberry
2022-10-23 23:18:22,901 :INFO : test_e2e :Entering country name as ind
2022-10-23 23:20:53,339 :INFO : test_e2e :getting all the card titles
2022-10-23 23:20:53,398 :INFO : test_e2e :iphone X
2022-10-23 23:20:53,423 :INFO : test_e2e :Samsung Note 8
2022-10-23 23:20:53,486 :INFO : test_e2e :Nokia Edge
2022-10-23 23:20:53,525 :INFO : test_e2e :Blackberry
2022-10-23 23:20:53,973 :INFO : test_e2e :Entering country name as ind
2022-10-23 23:21:00,712 :INFO : test_e2e :Text received from application is ×
Success! Thank you! Your order will be delivered in next few weeks :-).
2022-10-24 21:52:27,906 :INFO : test_e2e :getting all the card titles
2022-10-24 21:52:28,309 :INFO : test_e2e :iphone X
2022-10-24 21:52:28,356 :INFO : test_e2e :Samsung Note 8
2022-10-24 21:52:28,400 :INFO : test_e2e :Nokia Edge
2022-10-24 21:52:28,443 :INFO : test_e2e :Blackberry
2022-10-24 21:52:29,235 :INFO : test_e2e :Entering country name as ind
2022-10-24 21:52:35,812 :INFO : test_e2e :Text received from application is ×
Success! Thank you! Your order will be delivered in next few weeks :-).
